<?xml version="1.0" encoding="UTF-8"?>
<!-- Generated by org.testng.reporters.JUnitReportReporter -->
<testsuite hostname="Rehansgamingdevice" failures="0" tests="1" name="day5.luscars" time="2.027" errors="0" timestamp="2025-01-22T12:32:38 IST" skipped="0">
  <testcase classname="day5.luscars" name="testPageLoadPerformance" time="2.027"/>
</testsuite> <!-- day5.luscars -->
