<?xml version="1.0" encoding="UTF-8"?>
<!-- Generated by org.testng.reporters.JUnitReportReporter -->
<testsuite hostname="Rehansgamingdevice" failures="0" tests="1" name="com.example.tests.Test1" time="0.738" errors="0" timestamp="2025-01-29T16:08:45 IST" skipped="0">
  <testcase classname="com.example.tests.Test1" name="test1" time="0.738"/>
  <system-out/>
</testsuite> <!-- com.example.tests.Test1 -->
