<?xml version="1.0" encoding="UTF-8"?>
<!-- Generated by org.testng.reporters.JUnitReportReporter -->
<testsuite hostname="Rehansgamingdevice" failures="0" tests="3" name="day9.firstTestng" time="0.003" errors="0" timestamp="2025-01-27T17:52:05 IST" skipped="0">
  <testcase classname="day9.firstTestng" name="openApp" time="0.001"/>
  <system-out/>
  <testcase classname="day9.firstTestng" name="login" time="0.001"/>
  <system-out/>
  <testcase classname="day9.firstTestng" name="logout" time="0.001"/>
  <system-out/>
</testsuite> <!-- day9.firstTestng -->
