<?xml version="1.0" encoding="UTF-8"?>
<!-- Generated by org.testng.reporters.JUnitReportReporter -->
<testsuite hostname="Rehansgamingdevice" failures="0" tests="1" name="day11.LoginTest" time="1.692" errors="0" timestamp="2025-02-03T19:28:29 IST" skipped="0">
  <testcase classname="day11.LoginTest" name="testLogin" time="1.692"/>
  <system-out/>
</testsuite> <!-- day11.LoginTest -->
